0 info it worked if it ends with ok
1 verbose cli [
1 verbose cli   'C:\\Program Files (x86)\\nodejs\\node.exe',
1 verbose cli   'C:\\Program Files (x86)\\nodejs\\node_modules\\npm\\bin\\npm-cli.js',
1 verbose cli   'run',
1 verbose cli   'build'
1 verbose cli ]
2 info using npm@6.14.6
3 info using node@v12.18.4
4 verbose run-script [ 'prebuild', 'build', 'postbuild' ]
5 info lifecycle mynestreport@0.1.0~prebuild: mynestreport@0.1.0
6 info lifecycle mynestreport@0.1.0~build: mynestreport@0.1.0
7 verbose lifecycle mynestreport@0.1.0~build: unsafe-perm in lifecycle true
8 verbose lifecycle mynestreport@0.1.0~build: PATH: C:\Program Files (x86)\nodejs\node_modules\npm\node_modules\npm-lifecycle\node-gyp-bin;C:\Users\rharidas\Documents\NestThermostatReport\mynestreport\node_modules\.bin;C:/Users/rharidas/.p2/pool/plugins/org.eclipse.justj.openjdk.hotspot.jre.full.win32.x86_64_15.0.1.v20201027-0507/jre/bin/server;C:/Users/rharidas/.p2/pool/plugins/org.eclipse.justj.openjdk.hotspot.jre.full.win32.x86_64_15.0.1.v20201027-0507/jre/bin;C:\Python38\Scripts\;C:\Python38\;C:\Program Files\Microsoft SDKs\Azure\Azure Dev Spaces CLI\;C:\Program Files\AdoptOpenJDK\jdk-11.0.7.10-hotspot;C:\Program Files\AdoptOpenJDK\jdk-11.0.7.10-hotspot\bin;C:\Program Files\apache-maven-3.6.3\bin;C:\Program Files (x86)\Microsoft SDKs\Azure\CLI2\wbin;C:\Program Files (x86)\Common Files\Oracle\Java\javapath;C:\ProgramData\Oracle\Java\javapath;C:\WINDOWS\system32;C:\WINDOWS;C:\WINDOWS\System32\Wbem;C:\WINDOWS\System32\WindowsPowerShell\v1.0\;C:\Users\rharidas\.dnx\bin;C:\Program Files\Microsoft DNX\Dnvm\;C:\Program Files\Microsoft SQL Server\120\Tools\Binn\;C:\Program Files\Microsoft SQL Server\130\Tools\Binn\;C:\Program Files (x86)\Microsoft Emulator Manager\1.0\;C:\Program Files\dotnet\;C:\Program Files (x86)\Microsoft SQL Server\130\DTS\Binn\;C:\Program Files\Microsoft SQL Server\130\DTS\Binn\;C:\Program Files\Microsoft SQL Server\Client SDK\ODBC\130\Tools\Binn\;C:\Program Files (x86)\Microsoft SQL Server\130\Tools\Binn\;C:\Program Files (x86)\Microsoft SQL Server\Client SDK\ODBC\130\Tools\Binn\;C:\Program Files (x86)\nodejs\;C:\Program Files (x86)\Microsoft SQL Server\130\Tools\Binn\ManagementStudio\;C:\Program Files\NodejsUwp\Console\;C:\WINDOWS\System32\OpenSSH\;C:\Program Files\Git\cmd;C:\Program Files\Microsoft SQL Server\Client SDK\ODBC\170\Tools\Binn\;C:\Program Files\PuTTY\;C:\Python27;C:\Program Files (x86)\Microsoft Visual Studio\Shared\Python37_64;C:\apache-cassandra-3.11.4;C:\apache-cassandra-3.11.4\bin;C:\Program Files\Amazon\AWSCLIV2\;C:\Program Files (x86)\Brackets\command;C:\Program Files\PowerShell\7\;C:\ProgramData\chocolatey\bin;C:\Gradle\gradle-6.5.1\bin;C:\Program Files\MongoDB\Server\4.0\bin;C:\apache-tomcat-9.0.41;C:\Program Files\MySQL\MySQL Shell 8.0\bin\;C:\Users\rharidas\.dnx\bin;C:\Ruby22\bin;C:\Users\rharidas\AppData\Local\Microsoft\WindowsApps;C:\Users\rharidas\AppData\Local\Microsoft\WindowsApps;C:\Users\rharidas\AppData\Local\Google\Cloud SDK\google-cloud-sdk\bin;C:\Program Files\apache-maven-3.6.3\bin;c:\helm;C:\Users\rharidas\AppData\Roaming\npm;C:\Users\rharidas\.dotnet\tools;C:\spark\bin;c:\Hadoop\bin;;C:\Users\rharidas\Desktop;
9 verbose lifecycle mynestreport@0.1.0~build: CWD: C:\Users\rharidas\Documents\NestThermostatReport\mynestreport
10 silly lifecycle mynestreport@0.1.0~build: Args: [ '/d /s /c', 'react-scripts build' ]
11 silly lifecycle mynestreport@0.1.0~build: Returned: code: 1  signal: null
12 info lifecycle mynestreport@0.1.0~build: Failed to exec build script
13 verbose stack Error: mynestreport@0.1.0 build: `react-scripts build`
13 verbose stack Exit status 1
13 verbose stack     at EventEmitter.<anonymous> (C:\Program Files (x86)\nodejs\node_modules\npm\node_modules\npm-lifecycle\index.js:332:16)
13 verbose stack     at EventEmitter.emit (events.js:315:20)
13 verbose stack     at ChildProcess.<anonymous> (C:\Program Files (x86)\nodejs\node_modules\npm\node_modules\npm-lifecycle\lib\spawn.js:55:14)
13 verbose stack     at ChildProcess.emit (events.js:315:20)
13 verbose stack     at maybeClose (internal/child_process.js:1021:16)
13 verbose stack     at Process.ChildProcess._handle.onexit (internal/child_process.js:286:5)
14 verbose pkgid mynestreport@0.1.0
15 verbose cwd C:\Users\rharidas\Documents\NestThermostatReport\mynestreport
16 verbose Windows_NT 10.0.19041
17 verbose argv "C:\\Program Files (x86)\\nodejs\\node.exe" "C:\\Program Files (x86)\\nodejs\\node_modules\\npm\\bin\\npm-cli.js" "run" "build"
18 verbose node v12.18.4
19 verbose npm  v6.14.6
20 error code ELIFECYCLE
21 error errno 1
22 error mynestreport@0.1.0 build: `react-scripts build`
22 error Exit status 1
23 error Failed at the mynestreport@0.1.0 build script.
23 error This is probably not a problem with npm. There is likely additional logging output above.
24 verbose exit [ 1, true ]
